<?xml version="1.0" encoding="UTF-8"?>
<testng-results skipped="0" failed="0" ignored="0" total="2" passed="2">
  <reporter-output>
  </reporter-output>
  <suite name="Suite" duration-ms="35115" started-at="2019-10-14T11:15:28Z" finished-at="2019-10-14T11:16:03Z">
    <groups>
    </groups>
    <test name="Free CRM App Test Cases" duration-ms="35115" started-at="2019-10-14T11:15:28Z" finished-at="2019-10-14T11:16:03Z">
      <class name="com.crm.qa.testcases.HomePageTest">
        <test-method status="PASS" signature="setUp()[pri:0, instance:com.crm.qa.testcases.HomePageTest@14409c9]" name="setUp" is-config="true" duration-ms="20023" started-at="2019-10-14T11:15:28Z" finished-at="2019-10-14T11:15:48Z">
          <reporter-output>
          </reporter-output>
        </test-method> <!-- setUp -->
        <test-method status="PASS" signature="homePageTitleTest()[pri:0, instance:com.crm.qa.testcases.HomePageTest@14409c9]" name="homePageTitleTest" duration-ms="16" started-at="2019-10-14T11:15:48Z" finished-at="2019-10-14T11:15:48Z">
          <reporter-output>
          </reporter-output>
        </test-method> <!-- homePageTitleTest -->
        <test-method status="PASS" signature="tearDown()[pri:0, instance:com.crm.qa.testcases.HomePageTest@14409c9]" name="tearDown" is-config="true" duration-ms="766" started-at="2019-10-14T11:15:48Z" finished-at="2019-10-14T11:15:48Z">
          <reporter-output>
          </reporter-output>
        </test-method> <!-- tearDown -->
        <test-method status="PASS" signature="setUp()[pri:0, instance:com.crm.qa.testcases.HomePageTest@14409c9]" name="setUp" is-config="true" duration-ms="11653" started-at="2019-10-14T11:15:48Z" finished-at="2019-10-14T11:16:00Z">
          <reporter-output>
          </reporter-output>
        </test-method> <!-- setUp -->
        <test-method status="PASS" signature="verifyCreateLeadLink()[pri:0, instance:com.crm.qa.testcases.HomePageTest@14409c9]" name="verifyCreateLeadLink" duration-ms="1831" started-at="2019-10-14T11:16:00Z" finished-at="2019-10-14T11:16:02Z">
          <reporter-output>
          </reporter-output>
        </test-method> <!-- verifyCreateLeadLink -->
        <test-method status="PASS" signature="tearDown()[pri:0, instance:com.crm.qa.testcases.HomePageTest@14409c9]" name="tearDown" is-config="true" duration-ms="730" started-at="2019-10-14T11:16:02Z" finished-at="2019-10-14T11:16:03Z">
          <reporter-output>
          </reporter-output>
        </test-method> <!-- tearDown -->
      </class> <!-- com.crm.qa.testcases.HomePageTest -->
    </test> <!-- Free CRM App Test Cases -->
  </suite> <!-- Suite -->
</testng-results>
