<?xml version="1.0" encoding="UTF-8"?>
<!-- Generated by org.testng.reporters.JUnitXMLReporter -->
<testsuite hostname="DESKTOP-UETT37V" ignored="0" name="Free CRM App Test Cases" tests="2" failures="0" timestamp="14 Oct 2019 11:16:03 GMT" time="35.115" errors="0">
  <testcase name="homePageTitleTest" time="0.016" classname="com.crm.qa.testcases.HomePageTest"/>
  <testcase name="verifyCreateLeadLink" time="1.831" classname="com.crm.qa.testcases.HomePageTest"/>
</testsuite> <!-- Free CRM App Test Cases -->
