<?xml version="1.0" encoding="UTF-8"?>
<testng-results skipped="0" failed="0" ignored="0" total="2" passed="2">
  <reporter-output>
  </reporter-output>
  <suite name="Suite" duration-ms="31051" started-at="2019-10-14T07:44:25Z" finished-at="2019-10-14T07:44:56Z">
    <groups>
    </groups>
    <test name="Free CRM App Test Cases" duration-ms="31051" started-at="2019-10-14T07:44:25Z" finished-at="2019-10-14T07:44:56Z">
      <class name="com.crm.qa.testcases.HomePageTest">
        <test-method status="PASS" signature="setUp()[pri:0, instance:com.crm.qa.testcases.HomePageTest@18067a5]" name="setUp" is-config="true" duration-ms="15180" started-at="2019-10-14T07:44:25Z" finished-at="2019-10-14T07:44:41Z">
          <reporter-output>
          </reporter-output>
        </test-method> <!-- setUp -->
        <test-method status="PASS" signature="homePageTitleTest()[pri:0, instance:com.crm.qa.testcases.HomePageTest@18067a5]" name="homePageTitleTest" duration-ms="16" started-at="2019-10-14T07:44:41Z" finished-at="2019-10-14T07:44:41Z">
          <reporter-output>
          </reporter-output>
        </test-method> <!-- homePageTitleTest -->
        <test-method status="PASS" signature="tearDown()[pri:0, instance:com.crm.qa.testcases.HomePageTest@18067a5]" name="tearDown" is-config="true" duration-ms="701" started-at="2019-10-14T07:44:41Z" finished-at="2019-10-14T07:44:41Z">
          <reporter-output>
          </reporter-output>
        </test-method> <!-- tearDown -->
        <test-method status="PASS" signature="setUp()[pri:0, instance:com.crm.qa.testcases.HomePageTest@18067a5]" name="setUp" is-config="true" duration-ms="12354" started-at="2019-10-14T07:44:41Z" finished-at="2019-10-14T07:44:54Z">
          <reporter-output>
          </reporter-output>
        </test-method> <!-- setUp -->
        <test-method status="PASS" signature="verifyCreateLeadLink()[pri:0, instance:com.crm.qa.testcases.HomePageTest@18067a5]" name="verifyCreateLeadLink" duration-ms="1876" started-at="2019-10-14T07:44:54Z" finished-at="2019-10-14T07:44:56Z">
          <reporter-output>
          </reporter-output>
        </test-method> <!-- verifyCreateLeadLink -->
        <test-method status="PASS" signature="tearDown()[pri:0, instance:com.crm.qa.testcases.HomePageTest@18067a5]" name="tearDown" is-config="true" duration-ms="869" started-at="2019-10-14T07:44:56Z" finished-at="2019-10-14T07:44:56Z">
          <reporter-output>
          </reporter-output>
        </test-method> <!-- tearDown -->
      </class> <!-- com.crm.qa.testcases.HomePageTest -->
    </test> <!-- Free CRM App Test Cases -->
  </suite> <!-- Suite -->
</testng-results>
